
> pretest
> npm run typecheck


> typecheck
> tsc --noEmit


> test
> vitest run --coverage --coverage.provider=v8


 RUN  v4.1.11 /Users/byunjungwon/Dev/my-project-04/minidiscord/.claude/worktrees/t35/server
      Coverage enabled with v8

Error: in prepare, file is not a database (26)
Error: in prepare, file is not a database (26)
Error: in prepare, file is not a database (26)
unmeasured_path=e3_transcript_candidates_multiple (2개 후보)
candidate=/var/folders/y4/3w12s_ns7c32yh937159cj440000gn/T/live-extract-lIl9M5/a.jsonl
candidate=/var/folders/y4/3w12s_ns7c32yh937159cj440000gn/T/live-extract-lIl9M5/b.jsonl
unmeasured_path=e2_approval_pending (채널 도구 왕복 짝이 0건)
# 대화 기록 후보가 없다 — ㉠ 표면 미도달
# 대화 기록 디렉터리가 주어지지 않았다 — ㉠ 표면 미도달
live-extract: 실행 중 전역 항목의 내용이 바뀌었다 — 귀속이 서지 않는다
live-extract: Playwright 모듈/브라우저 캐시 부재로 방 화면 캡처를 건너뛴다 — 이 항은 UNMEASURED 다

 Test Files  19 passed (19)
      Tests  286 passed (286)
   Start at  23:49:19
   Duration  15.60s (transform 1.01s, setup 0ms, import 3.46s, tests 35.23s, environment 1.53s)

 % Coverage report from v8
-------------------|---------|----------|---------|---------|-------------------
File               | % Stmts | % Branch | % Funcs | % Lines | Uncovered Line #s 
-------------------|---------|----------|---------|---------|-------------------
All files          |    93.7 |    88.32 |    95.2 |    94.9 |                   
 src               |    95.2 |    87.93 |   97.87 |   96.45 |                   
  auth.ts          |   97.82 |    96.87 |     100 |     100 | 21                
  db.ts            |      95 |    83.33 |     100 |   94.44 | 93                
  gateway.ts       |    95.6 |    87.23 |     100 |   96.96 | 64-68             
  index.ts         |   82.85 |       50 |      80 |   83.33 | 73-79             
  permissions.ts   |     100 |     92.3 |     100 |     100 | 61,71             
  routes-bots.ts   |   95.91 |    85.71 |      90 |   97.61 | 17                
  ...s-messages.ts |   93.24 |    79.41 |     100 |    94.2 | 182-186           
  routes-rooms.ts  |   96.42 |    91.66 |     100 |   97.87 | 57                
  sse.ts           |   95.65 |       90 |     100 |     100 | 37                
 test              |   91.46 |    88.71 |   91.78 |   92.36 |                   
  gateway-v2.ts    |   86.74 |    77.41 |   94.11 |   91.93 | 47-49,69,90       
  ...xtract-lib.ts |   96.77 |     94.3 |   95.23 |   96.44 | 437-439,452-455   
  ...e-judgment.ts |   79.36 |    80.88 |   78.57 |   77.27 | 73-84             
-------------------|---------|----------|---------|---------|-------------------

=============================== Coverage summary ===============================
Statements   : 93.7% ( 848/905 )
Branches     : 88.32% ( 454/514 )
Functions    : 95.2% ( 159/167 )
Lines        : 94.9% ( 689/726 )
================================================================================
